 filename = out.perf-folded
grand total = 2999
after merge : 
{ queue_bench   self None   incl 2999 (100%)
  { [libstdc++.so.6.0.25]   self None   incl 2984 (99.5%)
    { __lll_lock_wait   self 2   incl 19 (0.634%)
      { entry_SYSCALL_64_after_hwframe   self None   incl 17 (0.567%)
        { do_syscall_64   self None   incl 17 (0.567%)
          { __context_tracking_enter   self None   incl 1 (0.0333%)
            { rcu_eqs_enter.constprop.61   self 1   incl 1 (0.0333%)
            }
          }
          { __context_tracking_exit.part.5   self None   incl 1 (0.0333%)
            { vtime_user_exit   self None   incl 1 (0.0333%)
              { get_vtime_delta   self None   incl 1 (0.0333%)
                { sched_clock   self None   incl 1 (0.0333%)
                  { native_sched_clock   self 1   incl 1 (0.0333%)
                  }
                }
              }
            }
          }
          { __x64_sys_futex   self None   incl 13 (0.433%)
            { do_futex   self None   incl 13 (0.433%)
              { futex_wait   self None   incl 13 (0.433%)
                { futex_wait_queue_me   self None   incl 5 (0.167%)
                  { schedule   self None   incl 5 (0.167%)
                    { __schedule   self None   incl 5 (0.167%)
                      { finish_task_switch   self None   incl 5 (0.167%)
                        { __perf_event_task_sched_in   self None   incl 5 (0.167%)
                          { __intel_pmu_enable_all.constprop.31   self None   incl 4 (0.133%)
                            { native_write_msr   self 4   incl 4 (0.133%)
                            }
                          }
                          { ctx_sched_in   self None   incl 1 (0.0333%)
                            { visit_groups_merge.constprop.128   self None   incl 1 (0.0333%)
                              { merge_sched_in   self None   incl 1 (0.0333%)
                                { perf_pmu_nop_int   self 1   incl 1 (0.0333%)
                                }
                              }
                            }
                          }
                        }
                      }
                    }
                  }
                }
                { futex_wait_setup   self 3   incl 8 (0.267%)
                  { get_futex_value_locked   self 5   incl 5 (0.167%)
                  }
                }
              }
            }
          }
          { syscall_trace_enter   self None   incl 2 (0.0667%)
            { __audit_syscall_entry   self 2   incl 2 (0.0667%)
            }
          }
        }
      }
    }
    { __lll_unlock_wake   self None   incl 16 (0.534%)
      { entry_SYSCALL_64   self 1   incl 1 (0.0333%)
      }
      { entry_SYSCALL_64_after_hwframe   self 2   incl 15 (0.5%)
        { do_syscall_64   self None   incl 13 (0.433%)
          { __context_tracking_enter   self None   incl 2 (0.0667%)
            { rcu_eqs_enter.constprop.61   self 1   incl 1 (0.0333%)
            }
            { vtime_user_enter   self None   incl 1 (0.0333%)
              { __vtime_account_system   self None   incl 1 (0.0333%)
                { get_vtime_delta   self None   incl 1 (0.0333%)
                  { sched_clock   self None   incl 1 (0.0333%)
                    { native_sched_clock   self 1   incl 1 (0.0333%)
                    }
                  }
                }
              }
            }
          }
          { __x64_sys_futex   self 1   incl 10 (0.333%)
            { do_futex   self 1   incl 9 (0.3%)
              { futex_wake   self 4   incl 8 (0.267%)
                { _raw_spin_lock   self 2   incl 3 (0.1%)
                  { native_queued_spin_lock_slowpath   self 1   incl 1 (0.0333%)
                  }
                }
                { wake_q_add_safe   self 1   incl 1 (0.0333%)
                }
              }
            }
          }
          { syscall_slow_exit_work   self 1   incl 1 (0.0333%)
          }
        }
      }
    }
    { __pthread_mutex_lock   self 1269   incl 1270 (42.3%)
      { apic_timer_interrupt   self None   incl 1 (0.0333%)
        { smp_apic_timer_interrupt   self None   incl 1 (0.0333%)
          { hrtimer_interrupt   self None   incl 1 (0.0333%)
            { ktime_get_update_offsets_now   self 1   incl 1 (0.0333%)
            }
          }
        }
      }
    }
    { __pthread_mutex_unlock_usercnt   self 1209   incl 1212 (40.4%)
      { apic_timer_interrupt   self None   incl 2 (0.0667%)
        { smp_apic_timer_interrupt   self None   incl 2 (0.0667%)
          { hrtimer_interrupt   self None   incl 2 (0.0667%)
            { __hrtimer_run_queues   self None   incl 1 (0.0333%)
              { tick_sched_timer   self None   incl 1 (0.0333%)
                { tick_sched_handle   self None   incl 1 (0.0333%)
                  { update_process_times   self None   incl 1 (0.0333%)
                    { scheduler_tick   self None   incl 1 (0.0333%)
                      { task_tick_fair   self None   incl 1 (0.0333%)
                        { __update_load_avg_se   self 1   incl 1 (0.0333%)
                        }
                      }
                    }
                  }
                }
              }
            }
            { clockevents_program_event   self None   incl 1 (0.0333%)
              { lapic_next_deadline   self None   incl 1 (0.0333%)
                { native_write_msr   self 1   incl 1 (0.0333%)
                }
              }
            }
          }
        }
      }
      { entry_SYSCALL_64   self 1   incl 1 (0.0333%)
      }
    }
    { pthread_mutex_lock@plt   self 81   incl 81 (2.7%)
    }
    { std::thread::_State_impl<std::thread::_Invoker<std::tuple<start_threads   self 385   incl 386 (12.9%)
      { apic_timer_interrupt   self None   incl 1 (0.0333%)
        { smp_apic_timer_interrupt   self None   incl 1 (0.0333%)
          { hrtimer_interrupt   self None   incl 1 (0.0333%)
            { __hrtimer_run_queues   self None   incl 1 (0.0333%)
              { tick_sched_timer   self None   incl 1 (0.0333%)
                { tick_sched_handle   self None   incl 1 (0.0333%)
                  { update_process_times   self None   incl 1 (0.0333%)
                    { run_local_timers   self 1   incl 1 (0.0333%)
                    }
                  }
                }
              }
            }
          }
        }
      }
    }
  }
  { [unknown]   self None   incl 15 (0.5%)
    { __nanosleep   self None   incl 13 (0.433%)
      { entry_SYSCALL_64   self 1   incl 1 (0.0333%)
      }
      { entry_SYSCALL_64_after_hwframe   self None   incl 12 (0.4%)
        { do_syscall_64   self 1   incl 12 (0.4%)
          { __x64_sys_nanosleep   self None   incl 11 (0.367%)
            { hrtimer_nanosleep   self None   incl 11 (0.367%)
              { do_nanosleep   self None   incl 11 (0.367%)
                { hrtimer_start_range_ns   self 1   incl 4 (0.133%)
                  { clockevents_program_event   self None   incl 2 (0.0667%)
                    { lapic_next_deadline   self None   incl 2 (0.0667%)
                      { native_write_msr   self 2   incl 2 (0.0667%)
                      }
                    }
                  }
                  { lock_hrtimer_base   self None   incl 1 (0.0333%)
                    { _raw_spin_lock_irqsave   self 1   incl 1 (0.0333%)
                    }
                  }
                }
                { schedule   self None   incl 7 (0.233%)
                  { __schedule   self None   incl 7 (0.233%)
                    { finish_task_switch   self None   incl 7 (0.233%)
                      { __perf_event_task_sched_in   self None   incl 6 (0.2%)
                        { __intel_pmu_enable_all.constprop.31   self None   incl 4 (0.133%)
                          { native_write_msr   self 4   incl 4 (0.133%)
                          }
                        }
                        { _raw_spin_lock   self 2   incl 2 (0.0667%)
                        }
                      }
                      { __tick_nohz_task_switch   self 1   incl 1 (0.0333%)
                      }
                    }
                  }
                }
              }
            }
          }
        }
      }
    }
    { __pthread_enable_asynccancel   self 1   incl 1 (0.0333%)
    }
    { clock_gettime@GLIBC_2.2.5   self None   incl 1 (0.0333%)
      { __vdso_clock_gettime   self None   incl 1 (0.0333%)
        { [[vdso]]   self 1   incl 1 (0.0333%)
        }
      }
    }
  }
}
