 filename = out.perf-folded
grand total = 1984
after merge : 
{ queue_bench_v3   self None   incl 1984 (100%)
  { [unknown]   self None   incl 932 (47%)
    { __vdso_clock_gettime   self 29   incl 29 (1.46%)
    }
    { clock_gettime@GLIBC_2.2.5   self 53   incl 903 (45.5%)
      { __vdso_clock_gettime   self 289   incl 850 (42.8%)
        { [[vdso]]   self 556   incl 557 (28.1%)
          { apic_timer_interrupt   self None   incl 1 (0.0504%)
            { smp_apic_timer_interrupt   self None   incl 1 (0.0504%)
              { hrtimer_interrupt   self None   incl 1 (0.0504%)
                { __hrtimer_run_queues   self None   incl 1 (0.0504%)
                  { tick_sched_timer   self None   incl 1 (0.0504%)
                    { tick_sched_handle   self None   incl 1 (0.0504%)
                      { update_process_times   self None   incl 1 (0.0504%)
                        { scheduler_tick   self None   incl 1 (0.0504%)
                          { task_tick_fair   self None   incl 1 (0.0504%)
                            { __update_load_avg_se   self None   incl 1 (0.0504%)
                              { __accumulate_pelt_segments   self 1   incl 1 (0.0504%)
                              }
                            }
                          }
                        }
                      }
                    }
                  }
                }
              }
            }
          }
        }
        { swapgs_restore_regs_and_return_to_usermode   self None   incl 4 (0.202%)
          { prepare_exit_to_usermode   self None   incl 4 (0.202%)
            { exit_to_usermode_loop   self None   incl 4 (0.202%)
              { schedule   self None   incl 4 (0.202%)
                { __schedule   self None   incl 4 (0.202%)
                  { finish_task_switch   self None   incl 4 (0.202%)
                    { __perf_event_task_sched_in   self None   incl 4 (0.202%)
                      { __intel_pmu_enable_all.constprop.31   self None   incl 4 (0.202%)
                        { native_write_msr   self 4   incl 4 (0.202%)
                        }
                      }
                    }
                  }
                }
              }
            }
          }
        }
      }
    }
  }
  { start_thread   self None   incl 1052 (53%)
    { clock_gettime@GLIBC_2.2.5   self 13   incl 13 (0.655%)
    }
    { clock_gettime@plt   self 10   incl 10 (0.504%)
    }
    { reader_thread_func   self 988   incl 992 (50%)
      { swapgs_restore_regs_and_return_to_usermode   self None   incl 4 (0.202%)
        { prepare_exit_to_usermode   self None   incl 4 (0.202%)
          { exit_to_usermode_loop   self None   incl 4 (0.202%)
            { schedule   self None   incl 4 (0.202%)
              { __schedule   self None   incl 4 (0.202%)
                { finish_task_switch   self None   incl 4 (0.202%)
                  { __perf_event_task_sched_in   self None   incl 4 (0.202%)
                    { __intel_pmu_enable_all.constprop.31   self None   incl 4 (0.202%)
                      { native_write_msr   self 4   incl 4 (0.202%)
                      }
                    }
                  }
                }
              }
            }
          }
        }
      }
    }
    { writer_thread_func   self 37   incl 37 (1.86%)
    }
  }
}
